{"/Users/poliakovsergii/Documents/GitHub/Node-js-repository/app.js": {"path":"/Users/poliakovsergii/Documents/GitHub/Node-js-repository/app.js","statementMap":{"0":{"start":{"line":1,"column":16},"end":{"line":1,"column":34}},"1":{"start":{"line":2,"column":15},"end":{"line":2,"column":32}},"2":{"start":{"line":3,"column":13},"end":{"line":3,"column":28}},"3":{"start":{"line":4,"column":15},"end":{"line":4,"column":32}},"4":{"start":{"line":5,"column":19},"end":{"line":5,"column":51}},"5":{"start":{"line":6,"column":18},"end":{"line":6,"column":47}},"6":{"start":{"line":7,"column":19},"end":{"line":7,"column":43}},"7":{"start":{"line":8,"column":20},"end":{"line":8,"column":45}},"8":{"start":{"line":10,"column":12},"end":{"line":10,"column":21}},"9":{"start":{"line":12,"column":22},"end":{"line":12,"column":72}},"10":{"start":{"line":14,"column":0},"end":{"line":14,"column":18}},"11":{"start":{"line":15,"column":0},"end":{"line":15,"column":60}},"12":{"start":{"line":17,"column":0},"end":{"line":17,"column":34}},"13":{"start":{"line":19,"column":16},"end":{"line":29,"column":2}},"14":{"start":{"line":23,"column":4},"end":{"line":27,"column":7}},"15":{"start":{"line":31,"column":0},"end":{"line":31,"column":17}},"16":{"start":{"line":32,"column":0},"end":{"line":39,"column":2}},"17":{"start":{"line":40,"column":0},"end":{"line":40,"column":24}},"18":{"start":{"line":41,"column":0},"end":{"line":41,"column":22}},"19":{"start":{"line":43,"column":0},"end":{"line":43,"column":35}},"20":{"start":{"line":44,"column":0},"end":{"line":44,"column":33}},"21":{"start":{"line":46,"column":0},"end":{"line":48,"column":3}},"22":{"start":{"line":47,"column":2},"end":{"line":47,"column":49}},"23":{"start":{"line":50,"column":0},"end":{"line":57,"column":3}},"24":{"start":{"line":51,"column":17},"end":{"line":51,"column":34}},"25":{"start":{"line":52,"column":2},"end":{"line":56,"column":5}},"26":{"start":{"line":59,"column":0},"end":{"line":59,"column":21}}},"fnMap":{"0":{"name":"(anonymous_0)","decl":{"start":{"line":22,"column":11},"end":{"line":22,"column":12}},"loc":{"start":{"line":22,"column":31},"end":{"line":28,"column":3}},"line":22},"1":{"name":"(anonymous_1)","decl":{"start":{"line":46,"column":8},"end":{"line":46,"column":9}},"loc":{"start":{"line":46,"column":22},"end":{"line":48,"column":1}},"line":46},"2":{"name":"(anonymous_2)","decl":{"start":{"line":50,"column":8},"end":{"line":50,"column":9}},"loc":{"start":{"line":50,"column":33},"end":{"line":57,"column":1}},"line":50}},"branchMap":{"0":{"loc":{"start":{"line":12,"column":22},"end":{"line":12,"column":72}},"type":"cond-expr","locations":[{"start":{"line":12,"column":57},"end":{"line":12,"column":62}},{"start":{"line":12,"column":65},"end":{"line":12,"column":72}}],"line":12},"1":{"loc":{"start":{"line":15,"column":0},"end":{"line":15,"column":59}},"type":"binary-expr","locations":[{"start":{"line":15,"column":0},"end":{"line":15,"column":25}},{"start":{"line":15,"column":29},"end":{"line":15,"column":59}}],"line":15},"2":{"loc":{"start":{"line":51,"column":17},"end":{"line":51,"column":34}},"type":"binary-expr","locations":[{"start":{"line":51,"column":17},"end":{"line":51,"column":27}},{"start":{"line":51,"column":31},"end":{"line":51,"column":34}}],"line":51},"3":{"loc":{"start":{"line":53,"column":12},"end":{"line":53,"column":45}},"type":"cond-expr","locations":[{"start":{"line":53,"column":29},"end":{"line":53,"column":35}},{"start":{"line":53,"column":38},"end":{"line":53,"column":45}}],"line":53}},"s":{"0":2,"1":2,"2":2,"3":2,"4":2,"5":2,"6":2,"7":2,"8":2,"9":2,"10":2,"11":2,"12":2,"13":2,"14":0,"15":2,"16":2,"17":2,"18":2,"19":2,"20":2,"21":2,"22":4,"23":2,"24":1,"25":1,"26":2},"f":{"0":0,"1":4,"2":1},"b":{"0":[0,2],"1":[2,0],"2":[1,0],"3":[0,1]},"_coverageSchema":"1a1c01bbd47fc00a2c39e90264f33305004495a9","hash":"07cef5c14c4ef01e7f9836d6b28602635820b502"}
,"/Users/poliakovsergii/Documents/GitHub/Node-js-repository/config/pasport.js": {"path":"/Users/poliakovsergii/Documents/GitHub/Node-js-repository/config/pasport.js","statementMap":{"0":{"start":{"line":1,"column":17},"end":{"line":1,"column":36}},"1":{"start":{"line":2,"column":33},"end":{"line":2,"column":56}},"2":{"start":{"line":3,"column":14},"end":{"line":3,"column":39}},"3":{"start":{"line":4,"column":0},"end":{"line":4,"column":27}},"4":{"start":{"line":6,"column":23},"end":{"line":6,"column":49}},"5":{"start":{"line":8,"column":13},"end":{"line":11,"column":1}},"6":{"start":{"line":13,"column":0},"end":{"line":28,"column":2}},"7":{"start":{"line":15,"column":4},"end":{"line":26,"column":5}},"8":{"start":{"line":16,"column":19},"end":{"line":16,"column":51}},"9":{"start":{"line":17,"column":6},"end":{"line":19,"column":7}},"10":{"start":{"line":18,"column":8},"end":{"line":18,"column":56}},"11":{"start":{"line":20,"column":6},"end":{"line":22,"column":7}},"12":{"start":{"line":21,"column":8},"end":{"line":21,"column":33}},"13":{"start":{"line":23,"column":6},"end":{"line":23,"column":30}},"14":{"start":{"line":25,"column":6},"end":{"line":25,"column":30}}},"fnMap":{"0":{"name":"(anonymous_0)","decl":{"start":{"line":14,"column":21},"end":{"line":14,"column":22}},"loc":{"start":{"line":14,"column":46},"end":{"line":27,"column":3}},"line":14}},"branchMap":{"0":{"loc":{"start":{"line":17,"column":6},"end":{"line":19,"column":7}},"type":"if","locations":[{"start":{"line":17,"column":6},"end":{"line":19,"column":7}},{"start":{"line":17,"column":6},"end":{"line":19,"column":7}}],"line":17},"1":{"loc":{"start":{"line":20,"column":6},"end":{"line":22,"column":7}},"type":"if","locations":[{"start":{"line":20,"column":6},"end":{"line":22,"column":7}},{"start":{"line":20,"column":6},"end":{"line":22,"column":7}}],"line":20}},"s":{"0":3,"1":3,"2":3,"3":3,"4":3,"5":3,"6":3,"7":9,"8":9,"9":9,"10":0,"11":9,"12":0,"13":9,"14":0},"f":{"0":9},"b":{"0":[0,9],"1":[0,9]},"_coverageSchema":"1a1c01bbd47fc00a2c39e90264f33305004495a9","hash":"09021ec938be5a17bb7a4f8f0b1a3cfb0eb0320b"}
,"/Users/poliakovsergii/Documents/GitHub/Node-js-repository/controllers/cats.js": {"path":"/Users/poliakovsergii/Documents/GitHub/Node-js-repository/controllers/cats.js","statementMap":{"0":{"start":{"line":1,"column":13},"end":{"line":1,"column":37}},"1":{"start":{"line":3,"column":15},"end":{"line":17,"column":1}},"2":{"start":{"line":4,"column":2},"end":{"line":16,"column":3}},"3":{"start":{"line":5,"column":19},"end":{"line":5,"column":31}},"4":{"start":{"line":6,"column":17},"end":{"line":6,"column":53}},"5":{"start":{"line":7,"column":4},"end":{"line":13,"column":7}},"6":{"start":{"line":15,"column":4},"end":{"line":15,"column":16}},"7":{"start":{"line":19,"column":16},"end":{"line":41,"column":1}},"8":{"start":{"line":20,"column":2},"end":{"line":40,"column":3}},"9":{"start":{"line":21,"column":19},"end":{"line":21,"column":31}},"10":{"start":{"line":22,"column":16},"end":{"line":22,"column":57}},"11":{"start":{"line":23,"column":4},"end":{"line":37,"column":5}},"12":{"start":{"line":24,"column":6},"end":{"line":30,"column":9}},"13":{"start":{"line":32,"column":6},"end":{"line":36,"column":9}},"14":{"start":{"line":39,"column":4},"end":{"line":39,"column":16}},"15":{"start":{"line":43,"column":15},"end":{"line":57,"column":1}},"16":{"start":{"line":44,"column":2},"end":{"line":56,"column":3}},"17":{"start":{"line":45,"column":19},"end":{"line":45,"column":31}},"18":{"start":{"line":46,"column":16},"end":{"line":46,"column":51}},"19":{"start":{"line":47,"column":4},"end":{"line":53,"column":7}},"20":{"start":{"line":55,"column":4},"end":{"line":55,"column":16}},"21":{"start":{"line":59,"column":15},"end":{"line":81,"column":1}},"22":{"start":{"line":60,"column":2},"end":{"line":80,"column":3}},"23":{"start":{"line":61,"column":19},"end":{"line":61,"column":31}},"24":{"start":{"line":62,"column":16},"end":{"line":62,"column":56}},"25":{"start":{"line":63,"column":4},"end":{"line":77,"column":5}},"26":{"start":{"line":64,"column":6},"end":{"line":70,"column":9}},"27":{"start":{"line":72,"column":6},"end":{"line":76,"column":9}},"28":{"start":{"line":79,"column":4},"end":{"line":79,"column":16}},"29":{"start":{"line":83,"column":15},"end":{"line":105,"column":1}},"30":{"start":{"line":84,"column":2},"end":{"line":104,"column":3}},"31":{"start":{"line":85,"column":19},"end":{"line":85,"column":31}},"32":{"start":{"line":86,"column":16},"end":{"line":86,"column":66}},"33":{"start":{"line":87,"column":4},"end":{"line":101,"column":5}},"34":{"start":{"line":88,"column":6},"end":{"line":94,"column":9}},"35":{"start":{"line":96,"column":6},"end":{"line":100,"column":9}},"36":{"start":{"line":103,"column":4},"end":{"line":103,"column":16}},"37":{"start":{"line":107,"column":21},"end":{"line":129,"column":1}},"38":{"start":{"line":108,"column":2},"end":{"line":128,"column":3}},"39":{"start":{"line":109,"column":19},"end":{"line":109,"column":31}},"40":{"start":{"line":110,"column":16},"end":{"line":110,"column":66}},"41":{"start":{"line":111,"column":4},"end":{"line":125,"column":5}},"42":{"start":{"line":112,"column":6},"end":{"line":118,"column":9}},"43":{"start":{"line":120,"column":6},"end":{"line":124,"column":9}},"44":{"start":{"line":127,"column":4},"end":{"line":127,"column":16}},"45":{"start":{"line":131,"column":16},"end":{"line":139,"column":1}},"46":{"start":{"line":132,"column":2},"end":{"line":138,"column":5}},"47":{"start":{"line":141,"column":19},"end":{"line":149,"column":1}},"48":{"start":{"line":142,"column":2},"end":{"line":148,"column":5}},"49":{"start":{"line":151,"column":0},"end":{"line":160,"column":2}}},"fnMap":{"0":{"name":"(anonymous_0)","decl":{"start":{"line":3,"column":15},"end":{"line":3,"column":16}},"loc":{"start":{"line":3,"column":41},"end":{"line":17,"column":1}},"line":3},"1":{"name":"(anonymous_1)","decl":{"start":{"line":19,"column":16},"end":{"line":19,"column":17}},"loc":{"start":{"line":19,"column":42},"end":{"line":41,"column":1}},"line":19},"2":{"name":"(anonymous_2)","decl":{"start":{"line":43,"column":15},"end":{"line":43,"column":16}},"loc":{"start":{"line":43,"column":41},"end":{"line":57,"column":1}},"line":43},"3":{"name":"(anonymous_3)","decl":{"start":{"line":59,"column":15},"end":{"line":59,"column":16}},"loc":{"start":{"line":59,"column":41},"end":{"line":81,"column":1}},"line":59},"4":{"name":"(anonymous_4)","decl":{"start":{"line":83,"column":15},"end":{"line":83,"column":16}},"loc":{"start":{"line":83,"column":41},"end":{"line":105,"column":1}},"line":83},"5":{"name":"(anonymous_5)","decl":{"start":{"line":107,"column":21},"end":{"line":107,"column":22}},"loc":{"start":{"line":107,"column":47},"end":{"line":129,"column":1}},"line":107},"6":{"name":"(anonymous_6)","decl":{"start":{"line":131,"column":16},"end":{"line":131,"column":17}},"loc":{"start":{"line":131,"column":42},"end":{"line":139,"column":1}},"line":131},"7":{"name":"(anonymous_7)","decl":{"start":{"line":141,"column":19},"end":{"line":141,"column":20}},"loc":{"start":{"line":141,"column":45},"end":{"line":149,"column":1}},"line":141}},"branchMap":{"0":{"loc":{"start":{"line":23,"column":4},"end":{"line":37,"column":5}},"type":"if","locations":[{"start":{"line":23,"column":4},"end":{"line":37,"column":5}},{"start":{"line":23,"column":4},"end":{"line":37,"column":5}}],"line":23},"1":{"loc":{"start":{"line":63,"column":4},"end":{"line":77,"column":5}},"type":"if","locations":[{"start":{"line":63,"column":4},"end":{"line":77,"column":5}},{"start":{"line":63,"column":4},"end":{"line":77,"column":5}}],"line":63},"2":{"loc":{"start":{"line":87,"column":4},"end":{"line":101,"column":5}},"type":"if","locations":[{"start":{"line":87,"column":4},"end":{"line":101,"column":5}},{"start":{"line":87,"column":4},"end":{"line":101,"column":5}}],"line":87},"3":{"loc":{"start":{"line":111,"column":4},"end":{"line":125,"column":5}},"type":"if","locations":[{"start":{"line":111,"column":4},"end":{"line":125,"column":5}},{"start":{"line":111,"column":4},"end":{"line":125,"column":5}}],"line":111}},"s":{"0":2,"1":2,"2":3,"3":3,"4":3,"5":3,"6":0,"7":2,"8":2,"9":2,"10":2,"11":2,"12":1,"13":1,"14":0,"15":2,"16":1,"17":1,"18":1,"19":1,"20":0,"21":2,"22":0,"23":0,"24":0,"25":0,"26":0,"27":0,"28":0,"29":2,"30":1,"31":1,"32":1,"33":1,"34":1,"35":0,"36":0,"37":2,"38":1,"39":1,"40":1,"41":1,"42":1,"43":0,"44":0,"45":2,"46":0,"47":2,"48":0,"49":2},"f":{"0":3,"1":2,"2":1,"3":0,"4":1,"5":1,"6":0,"7":0},"b":{"0":[1,1],"1":[0,0],"2":[1,0],"3":[1,0]},"_coverageSchema":"1a1c01bbd47fc00a2c39e90264f33305004495a9","hash":"63147fe258fb4763e50f1bcf4c7645c0fbe4dfbc"}
,"/Users/poliakovsergii/Documents/GitHub/Node-js-repository/controllers/users.js": {"path":"/Users/poliakovsergii/Documents/GitHub/Node-js-repository/controllers/users.js","statementMap":{"0":{"start":{"line":1,"column":14},"end":{"line":1,"column":39}},"1":{"start":{"line":2,"column":21},"end":{"line":2,"column":51}},"2":{"start":{"line":3,"column":12},"end":{"line":3,"column":35}},"3":{"start":{"line":4,"column":13},"end":{"line":4,"column":28}},"4":{"start":{"line":5,"column":11},"end":{"line":5,"column":33}},"5":{"start":{"line":6,"column":22},"end":{"line":6,"column":37}},"6":{"start":{"line":7,"column":13},"end":{"line":7,"column":28}},"7":{"start":{"line":8,"column":19},"end":{"line":8,"column":43}},"8":{"start":{"line":9,"column":0},"end":{"line":9,"column":27}},"9":{"start":{"line":10,"column":23},"end":{"line":10,"column":49}},"10":{"start":{"line":12,"column":0},"end":{"line":16,"column":3}},"11":{"start":{"line":17,"column":22},"end":{"line":17,"column":59}},"12":{"start":{"line":19,"column":12},"end":{"line":44,"column":1}},"13":{"start":{"line":20,"column":20},"end":{"line":20,"column":28}},"14":{"start":{"line":21,"column":15},"end":{"line":21,"column":45}},"15":{"start":{"line":22,"column":2},"end":{"line":28,"column":3}},"16":{"start":{"line":23,"column":4},"end":{"line":27,"column":7}},"17":{"start":{"line":29,"column":2},"end":{"line":43,"column":3}},"18":{"start":{"line":30,"column":20},"end":{"line":30,"column":48}},"19":{"start":{"line":31,"column":4},"end":{"line":40,"column":7}},"20":{"start":{"line":42,"column":4},"end":{"line":42,"column":16}},"21":{"start":{"line":45,"column":14},"end":{"line":64,"column":1}},"22":{"start":{"line":46,"column":30},"end":{"line":46,"column":38}},"23":{"start":{"line":47,"column":15},"end":{"line":47,"column":45}},"24":{"start":{"line":48,"column":26},"end":{"line":48,"column":61}},"25":{"start":{"line":49,"column":2},"end":{"line":55,"column":3}},"26":{"start":{"line":50,"column":4},"end":{"line":54,"column":7}},"27":{"start":{"line":56,"column":18},"end":{"line":56,"column":33}},"28":{"start":{"line":57,"column":16},"end":{"line":57,"column":70}},"29":{"start":{"line":58,"column":2},"end":{"line":58,"column":42}},"30":{"start":{"line":59,"column":2},"end":{"line":63,"column":5}},"31":{"start":{"line":65,"column":15},"end":{"line":69,"column":1}},"32":{"start":{"line":66,"column":13},"end":{"line":66,"column":24}},"33":{"start":{"line":67,"column":2},"end":{"line":67,"column":36}},"34":{"start":{"line":68,"column":2},"end":{"line":68,"column":50}},"35":{"start":{"line":71,"column":21},"end":{"line":82,"column":1}},"36":{"start":{"line":72,"column":17},"end":{"line":72,"column":25}},"37":{"start":{"line":73,"column":20},"end":{"line":73,"column":45}},"38":{"start":{"line":74,"column":2},"end":{"line":74,"column":42}},"39":{"start":{"line":79,"column":2},"end":{"line":81,"column":73}},"40":{"start":{"line":84,"column":23},"end":{"line":108,"column":1}},"41":{"start":{"line":85,"column":25},"end":{"line":85,"column":51}},"42":{"start":{"line":87,"column":19},"end":{"line":87,"column":32}},"43":{"start":{"line":88,"column":24},"end":{"line":88,"column":75}},"44":{"start":{"line":89,"column":14},"end":{"line":89,"column":39}},"45":{"start":{"line":90,"column":2},"end":{"line":93,"column":26}},"46":{"start":{"line":95,"column":2},"end":{"line":102,"column":3}},"47":{"start":{"line":96,"column":4},"end":{"line":99,"column":6}},"48":{"start":{"line":101,"column":4},"end":{"line":101,"column":27}},"49":{"start":{"line":103,"column":20},"end":{"line":103,"column":35}},"50":{"start":{"line":104,"column":2},"end":{"line":106,"column":3}},"51":{"start":{"line":105,"column":4},"end":{"line":105,"column":67}},"52":{"start":{"line":107,"column":2},"end":{"line":107,"column":69}},"53":{"start":{"line":110,"column":30},"end":{"line":122,"column":1}},"54":{"start":{"line":111,"column":19},"end":{"line":111,"column":32}},"55":{"start":{"line":115,"column":6},"end":{"line":119,"column":4}},"56":{"start":{"line":120,"column":2},"end":{"line":120,"column":28}},"57":{"start":{"line":121,"column":2},"end":{"line":121,"column":38}},"58":{"start":{"line":124,"column":0},"end":{"line":129,"column":2}}},"fnMap":{"0":{"name":"(anonymous_0)","decl":{"start":{"line":19,"column":12},"end":{"line":19,"column":13}},"loc":{"start":{"line":19,"column":38},"end":{"line":44,"column":1}},"line":19},"1":{"name":"(anonymous_1)","decl":{"start":{"line":45,"column":14},"end":{"line":45,"column":15}},"loc":{"start":{"line":45,"column":40},"end":{"line":64,"column":1}},"line":45},"2":{"name":"(anonymous_2)","decl":{"start":{"line":65,"column":15},"end":{"line":65,"column":16}},"loc":{"start":{"line":65,"column":41},"end":{"line":69,"column":1}},"line":65},"3":{"name":"(anonymous_3)","decl":{"start":{"line":71,"column":21},"end":{"line":71,"column":22}},"loc":{"start":{"line":71,"column":47},"end":{"line":82,"column":1}},"line":71},"4":{"name":"(anonymous_4)","decl":{"start":{"line":84,"column":23},"end":{"line":84,"column":24}},"loc":{"start":{"line":84,"column":36},"end":{"line":108,"column":1}},"line":84},"5":{"name":"(anonymous_5)","decl":{"start":{"line":110,"column":30},"end":{"line":110,"column":31}},"loc":{"start":{"line":110,"column":43},"end":{"line":122,"column":1}},"line":110}},"branchMap":{"0":{"loc":{"start":{"line":22,"column":2},"end":{"line":28,"column":3}},"type":"if","locations":[{"start":{"line":22,"column":2},"end":{"line":28,"column":3}},{"start":{"line":22,"column":2},"end":{"line":28,"column":3}}],"line":22},"1":{"loc":{"start":{"line":49,"column":2},"end":{"line":55,"column":3}},"type":"if","locations":[{"start":{"line":49,"column":2},"end":{"line":55,"column":3}},{"start":{"line":49,"column":2},"end":{"line":55,"column":3}}],"line":49},"2":{"loc":{"start":{"line":49,"column":6},"end":{"line":49,"column":31}},"type":"binary-expr","locations":[{"start":{"line":49,"column":6},"end":{"line":49,"column":11}},{"start":{"line":49,"column":15},"end":{"line":49,"column":31}}],"line":49},"3":{"loc":{"start":{"line":104,"column":2},"end":{"line":106,"column":3}},"type":"if","locations":[{"start":{"line":104,"column":2},"end":{"line":106,"column":3}},{"start":{"line":104,"column":2},"end":{"line":106,"column":3}}],"line":104}},"s":{"0":2,"1":2,"2":2,"3":2,"4":2,"5":2,"6":2,"7":2,"8":2,"9":2,"10":2,"11":2,"12":2,"13":0,"14":0,"15":0,"16":0,"17":0,"18":0,"19":0,"20":0,"21":2,"22":0,"23":0,"24":0,"25":0,"26":0,"27":0,"28":0,"29":0,"30":0,"31":2,"32":0,"33":0,"34":0,"35":2,"36":0,"37":0,"38":0,"39":0,"40":2,"41":0,"42":0,"43":0,"44":0,"45":0,"46":0,"47":0,"48":0,"49":0,"50":0,"51":0,"52":0,"53":2,"54":0,"55":0,"56":0,"57":0,"58":2},"f":{"0":0,"1":0,"2":0,"3":0,"4":0,"5":0},"b":{"0":[0,0],"1":[0,0],"2":[0,0],"3":[0,0]},"_coverageSchema":"1a1c01bbd47fc00a2c39e90264f33305004495a9","hash":"bd64ae398c2871f89e32fdafe25693a11c2aaec7"}
,"/Users/poliakovsergii/Documents/GitHub/Node-js-repository/helper/constants.js": {"path":"/Users/poliakovsergii/Documents/GitHub/Node-js-repository/helper/constants.js","statementMap":{"0":{"start":{"line":1,"column":15},"end":{"line":5,"column":1}},"1":{"start":{"line":7,"column":17},"end":{"line":16,"column":1}},"2":{"start":{"line":18,"column":0},"end":{"line":18,"column":38}}},"fnMap":{},"branchMap":{},"s":{"0":3,"1":3,"2":3},"f":{},"b":{},"_coverageSchema":"1a1c01bbd47fc00a2c39e90264f33305004495a9","hash":"239a7f5e116b72d5288cd83b2be84898a841e44a"}
,"/Users/poliakovsergii/Documents/GitHub/Node-js-repository/helper/guard.js": {"path":"/Users/poliakovsergii/Documents/GitHub/Node-js-repository/helper/guard.js","statementMap":{"0":{"start":{"line":1,"column":17},"end":{"line":1,"column":36}},"1":{"start":{"line":2,"column":21},"end":{"line":2,"column":43}},"2":{"start":{"line":4,"column":0},"end":{"line":4,"column":29}},"3":{"start":{"line":6,"column":14},"end":{"line":23,"column":1}},"4":{"start":{"line":7,"column":2},"end":{"line":22,"column":21}},"5":{"start":{"line":8,"column":16},"end":{"line":8,"column":20}},"6":{"start":{"line":9,"column":4},"end":{"line":11,"column":5}},"7":{"start":{"line":10,"column":6},"end":{"line":10,"column":53}},"8":{"start":{"line":13,"column":4},"end":{"line":19,"column":5}},"9":{"start":{"line":14,"column":6},"end":{"line":18,"column":9}},"10":{"start":{"line":20,"column":4},"end":{"line":20,"column":20}},"11":{"start":{"line":21,"column":4},"end":{"line":21,"column":18}},"12":{"start":{"line":25,"column":0},"end":{"line":25,"column":23}}},"fnMap":{"0":{"name":"(anonymous_0)","decl":{"start":{"line":6,"column":14},"end":{"line":6,"column":15}},"loc":{"start":{"line":6,"column":34},"end":{"line":23,"column":1}},"line":6},"1":{"name":"(anonymous_1)","decl":{"start":{"line":7,"column":51},"end":{"line":7,"column":52}},"loc":{"start":{"line":7,"column":66},"end":{"line":22,"column":3}},"line":7}},"branchMap":{"0":{"loc":{"start":{"line":9,"column":4},"end":{"line":11,"column":5}},"type":"if","locations":[{"start":{"line":9,"column":4},"end":{"line":11,"column":5}},{"start":{"line":9,"column":4},"end":{"line":11,"column":5}}],"line":9},"1":{"loc":{"start":{"line":13,"column":4},"end":{"line":19,"column":5}},"type":"if","locations":[{"start":{"line":13,"column":4},"end":{"line":19,"column":5}},{"start":{"line":13,"column":4},"end":{"line":19,"column":5}}],"line":13},"2":{"loc":{"start":{"line":13,"column":8},"end":{"line":13,"column":44}},"type":"binary-expr","locations":[{"start":{"line":13,"column":8},"end":{"line":13,"column":13}},{"start":{"line":13,"column":17},"end":{"line":13,"column":20}},{"start":{"line":13,"column":24},"end":{"line":13,"column":44}}],"line":13}},"s":{"0":2,"1":2,"2":2,"3":2,"4":9,"5":9,"6":9,"7":9,"8":9,"9":0,"10":9,"11":9,"12":2},"f":{"0":9,"1":9},"b":{"0":[9,0],"1":[0,9],"2":[9,9,9]},"_coverageSchema":"1a1c01bbd47fc00a2c39e90264f33305004495a9","hash":"e4a99206bbbc0821f23bf80c2d8bb20a92a00abf"}
,"/Users/poliakovsergii/Documents/GitHub/Node-js-repository/helper/role.js": {"path":"/Users/poliakovsergii/Documents/GitHub/Node-js-repository/helper/role.js","statementMap":{"0":{"start":{"line":1,"column":21},"end":{"line":1,"column":43}},"1":{"start":{"line":3,"column":0},"end":{"line":3,"column":29}},"2":{"start":{"line":5,"column":13},"end":{"line":16,"column":1}},"3":{"start":{"line":5,"column":21},"end":{"line":16,"column":1}},"4":{"start":{"line":6,"column":19},"end":{"line":6,"column":34}},"5":{"start":{"line":8,"column":2},"end":{"line":14,"column":3}},"6":{"start":{"line":9,"column":4},"end":{"line":13,"column":7}},"7":{"start":{"line":15,"column":2},"end":{"line":15,"column":16}},"8":{"start":{"line":18,"column":0},"end":{"line":18,"column":22}}},"fnMap":{"0":{"name":"(anonymous_0)","decl":{"start":{"line":5,"column":13},"end":{"line":5,"column":14}},"loc":{"start":{"line":5,"column":21},"end":{"line":16,"column":1}},"line":5},"1":{"name":"(anonymous_1)","decl":{"start":{"line":5,"column":21},"end":{"line":5,"column":22}},"loc":{"start":{"line":5,"column":41},"end":{"line":16,"column":1}},"line":5}},"branchMap":{"0":{"loc":{"start":{"line":8,"column":2},"end":{"line":14,"column":3}},"type":"if","locations":[{"start":{"line":8,"column":2},"end":{"line":14,"column":3}},{"start":{"line":8,"column":2},"end":{"line":14,"column":3}}],"line":8}},"s":{"0":3,"1":3,"2":3,"3":6,"4":2,"5":2,"6":1,"7":1,"8":3},"f":{"0":6,"1":2},"b":{"0":[1,1]},"_coverageSchema":"1a1c01bbd47fc00a2c39e90264f33305004495a9","hash":"b200f2c3cdd7b7dd643ace0f7b0e2d1b244900ea"}
,"/Users/poliakovsergii/Documents/GitHub/Node-js-repository/helper/upload-avatar.js": {"path":"/Users/poliakovsergii/Documents/GitHub/Node-js-repository/helper/upload-avatar.js","statementMap":{"0":{"start":{"line":1,"column":15},"end":{"line":1,"column":32}},"1":{"start":{"line":2,"column":13},"end":{"line":2,"column":28}},"2":{"start":{"line":3,"column":0},"end":{"line":3,"column":27}},"3":{"start":{"line":4,"column":19},"end":{"line":4,"column":67}},"4":{"start":{"line":6,"column":16},"end":{"line":13,"column":2}},"5":{"start":{"line":8,"column":4},"end":{"line":8,"column":25}},"6":{"start":{"line":11,"column":4},"end":{"line":11,"column":32}},"7":{"start":{"line":15,"column":15},"end":{"line":29,"column":2}},"8":{"start":{"line":21,"column":4},"end":{"line":24,"column":5}},"9":{"start":{"line":22,"column":6},"end":{"line":22,"column":21}},"10":{"start":{"line":23,"column":6},"end":{"line":23,"column":13}},"11":{"start":{"line":25,"column":16},"end":{"line":25,"column":54}},"12":{"start":{"line":26,"column":4},"end":{"line":26,"column":21}},"13":{"start":{"line":27,"column":4},"end":{"line":27,"column":12}},"14":{"start":{"line":31,"column":0},"end":{"line":31,"column":24}}},"fnMap":{"0":{"name":"(anonymous_0)","decl":{"start":{"line":7,"column":15},"end":{"line":7,"column":16}},"loc":{"start":{"line":7,"column":40},"end":{"line":9,"column":3}},"line":7},"1":{"name":"(anonymous_1)","decl":{"start":{"line":10,"column":12},"end":{"line":10,"column":13}},"loc":{"start":{"line":10,"column":37},"end":{"line":12,"column":3}},"line":10},"2":{"name":"(anonymous_2)","decl":{"start":{"line":20,"column":14},"end":{"line":20,"column":15}},"loc":{"start":{"line":20,"column":33},"end":{"line":28,"column":3}},"line":20}},"branchMap":{"0":{"loc":{"start":{"line":21,"column":4},"end":{"line":24,"column":5}},"type":"if","locations":[{"start":{"line":21,"column":4},"end":{"line":24,"column":5}},{"start":{"line":21,"column":4},"end":{"line":24,"column":5}}],"line":21}},"s":{"0":2,"1":2,"2":2,"3":2,"4":2,"5":0,"6":0,"7":2,"8":0,"9":0,"10":0,"11":0,"12":0,"13":0,"14":2},"f":{"0":0,"1":0,"2":0},"b":{"0":[0,0]},"_coverageSchema":"1a1c01bbd47fc00a2c39e90264f33305004495a9","hash":"53b6e21e79a445158a7ee07738f03322ab1fb947"}
,"/Users/poliakovsergii/Documents/GitHub/Node-js-repository/model/users.js": {"path":"/Users/poliakovsergii/Documents/GitHub/Node-js-repository/model/users.js","statementMap":{"0":{"start":{"line":1,"column":13},"end":{"line":1,"column":38}},"1":{"start":{"line":3,"column":17},"end":{"line":5,"column":1}},"2":{"start":{"line":4,"column":2},"end":{"line":4,"column":41}},"3":{"start":{"line":7,"column":20},"end":{"line":9,"column":1}},"4":{"start":{"line":8,"column":2},"end":{"line":8,"column":39}},"5":{"start":{"line":11,"column":15},"end":{"line":14,"column":1}},"6":{"start":{"line":12,"column":15},"end":{"line":12,"column":36}},"7":{"start":{"line":13,"column":2},"end":{"line":13,"column":27}},"8":{"start":{"line":16,"column":20},"end":{"line":18,"column":1}},"9":{"start":{"line":17,"column":2},"end":{"line":17,"column":54}},"10":{"start":{"line":20,"column":21},"end":{"line":22,"column":1}},"11":{"start":{"line":21,"column":2},"end":{"line":21,"column":70}},"12":{"start":{"line":24,"column":0},"end":{"line":30,"column":2}}},"fnMap":{"0":{"name":"(anonymous_0)","decl":{"start":{"line":3,"column":17},"end":{"line":3,"column":18}},"loc":{"start":{"line":3,"column":29},"end":{"line":5,"column":1}},"line":3},"1":{"name":"(anonymous_1)","decl":{"start":{"line":7,"column":20},"end":{"line":7,"column":21}},"loc":{"start":{"line":7,"column":35},"end":{"line":9,"column":1}},"line":7},"2":{"name":"(anonymous_2)","decl":{"start":{"line":11,"column":15},"end":{"line":11,"column":16}},"loc":{"start":{"line":11,"column":36},"end":{"line":14,"column":1}},"line":11},"3":{"name":"(anonymous_3)","decl":{"start":{"line":16,"column":20},"end":{"line":16,"column":21}},"loc":{"start":{"line":16,"column":41},"end":{"line":18,"column":1}},"line":16},"4":{"name":"(anonymous_4)","decl":{"start":{"line":20,"column":21},"end":{"line":20,"column":22}},"loc":{"start":{"line":20,"column":65},"end":{"line":22,"column":1}},"line":20}},"branchMap":{"0":{"loc":{"start":{"line":20,"column":40},"end":{"line":20,"column":60}},"type":"default-arg","locations":[{"start":{"line":20,"column":56},"end":{"line":20,"column":60}}],"line":20}},"s":{"0":1,"1":1,"2":0,"3":1,"4":0,"5":1,"6":0,"7":0,"8":1,"9":0,"10":1,"11":0,"12":1},"f":{"0":0,"1":0,"2":0,"3":0,"4":0},"b":{"0":[0]},"_coverageSchema":"1a1c01bbd47fc00a2c39e90264f33305004495a9","hash":"c7a276b30aeb9873ba4c0bc58c1596a55625ec17"}
,"/Users/poliakovsergii/Documents/GitHub/Node-js-repository/model/schemas/user.js": {"path":"/Users/poliakovsergii/Documents/GitHub/Node-js-repository/model/schemas/user.js","statementMap":{"0":{"start":{"line":1,"column":17},"end":{"line":1,"column":36}},"1":{"start":{"line":2,"column":26},"end":{"line":2,"column":34}},"2":{"start":{"line":3,"column":17},"end":{"line":3,"column":36}},"3":{"start":{"line":4,"column":19},"end":{"line":4,"column":52}},"4":{"start":{"line":5,"column":20},"end":{"line":5,"column":21}},"5":{"start":{"line":6,"column":15},"end":{"line":6,"column":34}},"6":{"start":{"line":8,"column":20},"end":{"line":56,"column":1}},"7":{"start":{"line":28,"column":19},"end":{"line":28,"column":33}},"8":{"start":{"line":29,"column":8},"end":{"line":29,"column":58}},"9":{"start":{"line":43,"column":8},"end":{"line":43,"column":60}},"10":{"start":{"line":58,"column":0},"end":{"line":64,"column":3}},"11":{"start":{"line":59,"column":2},"end":{"line":62,"column":3}},"12":{"start":{"line":60,"column":17},"end":{"line":60,"column":48}},"13":{"start":{"line":61,"column":4},"end":{"line":61,"column":59}},"14":{"start":{"line":63,"column":2},"end":{"line":63,"column":9}},"15":{"start":{"line":66,"column":0},"end":{"line":68,"column":2}},"16":{"start":{"line":67,"column":2},"end":{"line":67,"column":63}},"17":{"start":{"line":70,"column":13},"end":{"line":70,"column":39}},"18":{"start":{"line":72,"column":0},"end":{"line":72,"column":22}}},"fnMap":{"0":{"name":"(anonymous_0)","decl":{"start":{"line":27,"column":6},"end":{"line":27,"column":7}},"loc":{"start":{"line":27,"column":22},"end":{"line":30,"column":7}},"line":27},"1":{"name":"(anonymous_1)","decl":{"start":{"line":42,"column":15},"end":{"line":42,"column":16}},"loc":{"start":{"line":42,"column":27},"end":{"line":44,"column":7}},"line":42},"2":{"name":"(anonymous_2)","decl":{"start":{"line":58,"column":24},"end":{"line":58,"column":25}},"loc":{"start":{"line":58,"column":46},"end":{"line":64,"column":1}},"line":58},"3":{"name":"(anonymous_3)","decl":{"start":{"line":66,"column":36},"end":{"line":66,"column":37}},"loc":{"start":{"line":66,"column":62},"end":{"line":68,"column":1}},"line":66}},"branchMap":{"0":{"loc":{"start":{"line":59,"column":2},"end":{"line":62,"column":3}},"type":"if","locations":[{"start":{"line":59,"column":2},"end":{"line":62,"column":3}},{"start":{"line":59,"column":2},"end":{"line":62,"column":3}}],"line":59}},"s":{"0":1,"1":1,"2":1,"3":1,"4":1,"5":1,"6":1,"7":0,"8":0,"9":0,"10":1,"11":0,"12":0,"13":0,"14":0,"15":1,"16":0,"17":1,"18":1},"f":{"0":0,"1":0,"2":0,"3":0},"b":{"0":[0,0]},"_coverageSchema":"1a1c01bbd47fc00a2c39e90264f33305004495a9","hash":"92365534429690ae3330deb494d57aeff9f0acab"}
,"/Users/poliakovsergii/Documents/GitHub/Node-js-repository/routes/cats/index.js": {"path":"/Users/poliakovsergii/Documents/GitHub/Node-js-repository/routes/cats/index.js","statementMap":{"0":{"start":{"line":1,"column":16},"end":{"line":1,"column":34}},"1":{"start":{"line":2,"column":15},"end":{"line":2,"column":31}},"2":{"start":{"line":3,"column":13},"end":{"line":3,"column":46}},"3":{"start":{"line":10,"column":4},"end":{"line":10,"column":33}},"4":{"start":{"line":11,"column":14},"end":{"line":11,"column":43}},"5":{"start":{"line":12,"column":13},"end":{"line":12,"column":41}},"6":{"start":{"line":13,"column":19},"end":{"line":13,"column":52}},"7":{"start":{"line":15,"column":0},"end":{"line":17,"column":54}},"8":{"start":{"line":18,"column":0},"end":{"line":18,"column":59}},"9":{"start":{"line":19,"column":0},"end":{"line":19,"column":66}},"10":{"start":{"line":21,"column":0},"end":{"line":24,"column":38}},"11":{"start":{"line":26,"column":0},"end":{"line":31,"column":2}},"12":{"start":{"line":33,"column":0},"end":{"line":33,"column":24}}},"fnMap":{},"branchMap":{},"s":{"0":2,"1":2,"2":2,"3":2,"4":2,"5":2,"6":2,"7":2,"8":2,"9":2,"10":2,"11":2,"12":2},"f":{},"b":{},"_coverageSchema":"1a1c01bbd47fc00a2c39e90264f33305004495a9","hash":"6b971740a99a00571fbff144038738e0bc11650b"}
,"/Users/poliakovsergii/Documents/GitHub/Node-js-repository/routes/cats/valid-cat-router.js": {"path":"/Users/poliakovsergii/Documents/GitHub/Node-js-repository/routes/cats/valid-cat-router.js","statementMap":{"0":{"start":{"line":1,"column":12},"end":{"line":1,"column":26}},"1":{"start":{"line":2,"column":17},"end":{"line":2,"column":36}},"2":{"start":{"line":4,"column":24},"end":{"line":10,"column":2}},"3":{"start":{"line":12,"column":23},"end":{"line":19,"column":34}},"4":{"start":{"line":21,"column":24},"end":{"line":27,"column":36}},"5":{"start":{"line":29,"column":30},"end":{"line":31,"column":2}},"6":{"start":{"line":33,"column":17},"end":{"line":41,"column":1}},"7":{"start":{"line":34,"column":2},"end":{"line":40,"column":3}},"8":{"start":{"line":35,"column":4},"end":{"line":35,"column":36}},"9":{"start":{"line":36,"column":4},"end":{"line":36,"column":18}},"10":{"start":{"line":38,"column":4},"end":{"line":38,"column":21}},"11":{"start":{"line":39,"column":4},"end":{"line":39,"column":67}},"12":{"start":{"line":43,"column":0},"end":{"line":62,"column":2}},"13":{"start":{"line":45,"column":4},"end":{"line":45,"column":59}},"14":{"start":{"line":48,"column":4},"end":{"line":48,"column":59}},"15":{"start":{"line":51,"column":4},"end":{"line":51,"column":59}},"16":{"start":{"line":54,"column":4},"end":{"line":54,"column":65}},"17":{"start":{"line":57,"column":4},"end":{"line":59,"column":5}},"18":{"start":{"line":58,"column":6},"end":{"line":58,"column":66}},"19":{"start":{"line":60,"column":4},"end":{"line":60,"column":11}}},"fnMap":{"0":{"name":"(anonymous_0)","decl":{"start":{"line":33,"column":17},"end":{"line":33,"column":18}},"loc":{"start":{"line":33,"column":46},"end":{"line":41,"column":1}},"line":33},"1":{"name":"(anonymous_1)","decl":{"start":{"line":44,"column":22},"end":{"line":44,"column":23}},"loc":{"start":{"line":44,"column":48},"end":{"line":46,"column":3}},"line":44},"2":{"name":"(anonymous_2)","decl":{"start":{"line":47,"column":23},"end":{"line":47,"column":24}},"loc":{"start":{"line":47,"column":49},"end":{"line":49,"column":3}},"line":47},"3":{"name":"(anonymous_3)","decl":{"start":{"line":50,"column":23},"end":{"line":50,"column":24}},"loc":{"start":{"line":50,"column":49},"end":{"line":52,"column":3}},"line":50},"4":{"name":"(anonymous_4)","decl":{"start":{"line":53,"column":29},"end":{"line":53,"column":30}},"loc":{"start":{"line":53,"column":55},"end":{"line":55,"column":3}},"line":53},"5":{"name":"(anonymous_5)","decl":{"start":{"line":56,"column":22},"end":{"line":56,"column":23}},"loc":{"start":{"line":56,"column":42},"end":{"line":61,"column":3}},"line":56}},"branchMap":{"0":{"loc":{"start":{"line":57,"column":4},"end":{"line":59,"column":5}},"type":"if","locations":[{"start":{"line":57,"column":4},"end":{"line":59,"column":5}},{"start":{"line":57,"column":4},"end":{"line":59,"column":5}}],"line":57}},"s":{"0":2,"1":2,"2":2,"3":2,"4":2,"5":2,"6":2,"7":6,"8":6,"9":6,"10":0,"11":0,"12":2,"13":3,"14":1,"15":1,"16":1,"17":3,"18":1,"19":2},"f":{"0":6,"1":3,"2":1,"3":1,"4":1,"5":3},"b":{"0":[1,2]},"_coverageSchema":"1a1c01bbd47fc00a2c39e90264f33305004495a9","hash":"bed283a9105b677a951b4999e607ad33035f7e5e"}
,"/Users/poliakovsergii/Documents/GitHub/Node-js-repository/routes/users/index.js": {"path":"/Users/poliakovsergii/Documents/GitHub/Node-js-repository/routes/users/index.js","statementMap":{"0":{"start":{"line":1,"column":16},"end":{"line":1,"column":34}},"1":{"start":{"line":2,"column":15},"end":{"line":2,"column":31}},"2":{"start":{"line":3,"column":13},"end":{"line":3,"column":47}},"3":{"start":{"line":4,"column":14},"end":{"line":4,"column":43}},"4":{"start":{"line":5,"column":21},"end":{"line":5,"column":58}},"5":{"start":{"line":6,"column":18},"end":{"line":6,"column":47}},"6":{"start":{"line":8,"column":16},"end":{"line":18,"column":2}},"7":{"start":{"line":12,"column":4},"end":{"line":16,"column":7}},"8":{"start":{"line":20,"column":0},"end":{"line":20,"column":44}},"9":{"start":{"line":21,"column":0},"end":{"line":21,"column":34}},"10":{"start":{"line":22,"column":0},"end":{"line":22,"column":43}},"11":{"start":{"line":23,"column":0},"end":{"line":28,"column":2}},"12":{"start":{"line":30,"column":0},"end":{"line":30,"column":24}}},"fnMap":{"0":{"name":"(anonymous_0)","decl":{"start":{"line":11,"column":11},"end":{"line":11,"column":12}},"loc":{"start":{"line":11,"column":31},"end":{"line":17,"column":3}},"line":11}},"branchMap":{},"s":{"0":2,"1":2,"2":2,"3":2,"4":2,"5":2,"6":2,"7":0,"8":2,"9":2,"10":2,"11":2,"12":2},"f":{"0":0},"b":{},"_coverageSchema":"1a1c01bbd47fc00a2c39e90264f33305004495a9","hash":"9f54b4bff80e7d4eafff9df186d5c6efb3547c19"}
}
