TN:
SF:app.js
FN:22,(anonymous_0)
FN:46,(anonymous_1)
FN:50,(anonymous_2)
FNF:3
FNH:2
FNDA:0,(anonymous_0)
FNDA:4,(anonymous_1)
FNDA:1,(anonymous_2)
DA:1,2
DA:2,2
DA:3,2
DA:4,2
DA:5,2
DA:6,2
DA:7,2
DA:8,2
DA:10,2
DA:12,2
DA:14,2
DA:15,2
DA:17,2
DA:19,2
DA:23,0
DA:31,2
DA:32,2
DA:40,2
DA:41,2
DA:43,2
DA:44,2
DA:46,2
DA:47,4
DA:50,2
DA:51,1
DA:52,1
DA:59,2
LF:27
LH:26
BRDA:12,0,0,0
BRDA:12,0,1,2
BRDA:15,1,0,2
BRDA:15,1,1,0
BRDA:51,2,0,1
BRDA:51,2,1,0
BRDA:53,3,0,0
BRDA:53,3,1,1
BRF:8
BRH:4
end_of_record
TN:
SF:config/pasport.js
FN:14,(anonymous_0)
FNF:1
FNH:1
FNDA:9,(anonymous_0)
DA:1,3
DA:2,3
DA:3,3
DA:4,3
DA:6,3
DA:8,3
DA:13,3
DA:15,9
DA:16,9
DA:17,9
DA:18,0
DA:20,9
DA:21,0
DA:23,9
DA:25,0
LF:15
LH:12
BRDA:17,0,0,0
BRDA:17,0,1,9
BRDA:20,1,0,0
BRDA:20,1,1,9
BRF:4
BRH:2
end_of_record
TN:
SF:controllers/cats.js
FN:3,(anonymous_0)
FN:19,(anonymous_1)
FN:43,(anonymous_2)
FN:59,(anonymous_3)
FN:83,(anonymous_4)
FN:107,(anonymous_5)
FN:131,(anonymous_6)
FN:141,(anonymous_7)
FNF:8
FNH:5
FNDA:3,(anonymous_0)
FNDA:2,(anonymous_1)
FNDA:1,(anonymous_2)
FNDA:0,(anonymous_3)
FNDA:1,(anonymous_4)
FNDA:1,(anonymous_5)
FNDA:0,(anonymous_6)
FNDA:0,(anonymous_7)
DA:1,2
DA:3,2
DA:4,3
DA:5,3
DA:6,3
DA:7,3
DA:15,0
DA:19,2
DA:20,2
DA:21,2
DA:22,2
DA:23,2
DA:24,1
DA:32,1
DA:39,0
DA:43,2
DA:44,1
DA:45,1
DA:46,1
DA:47,1
DA:55,0
DA:59,2
DA:60,0
DA:61,0
DA:62,0
DA:63,0
DA:64,0
DA:72,0
DA:79,0
DA:83,2
DA:84,1
DA:85,1
DA:86,1
DA:87,1
DA:88,1
DA:96,0
DA:103,0
DA:107,2
DA:108,1
DA:109,1
DA:110,1
DA:111,1
DA:112,1
DA:120,0
DA:127,0
DA:131,2
DA:132,0
DA:141,2
DA:142,0
DA:151,2
LF:50
LH:34
BRDA:23,0,0,1
BRDA:23,0,1,1
BRDA:63,1,0,0
BRDA:63,1,1,0
BRDA:87,2,0,1
BRDA:87,2,1,0
BRDA:111,3,0,1
BRDA:111,3,1,0
BRF:8
BRH:4
end_of_record
TN:
SF:controllers/users.js
FN:19,(anonymous_0)
FN:45,(anonymous_1)
FN:65,(anonymous_2)
FN:71,(anonymous_3)
FN:84,(anonymous_4)
FN:110,(anonymous_5)
FNF:6
FNH:0
FNDA:0,(anonymous_0)
FNDA:0,(anonymous_1)
FNDA:0,(anonymous_2)
FNDA:0,(anonymous_3)
FNDA:0,(anonymous_4)
FNDA:0,(anonymous_5)
DA:1,2
DA:2,2
DA:3,2
DA:4,2
DA:5,2
DA:6,2
DA:7,2
DA:8,2
DA:9,2
DA:10,2
DA:12,2
DA:17,2
DA:19,2
DA:20,0
DA:21,0
DA:22,0
DA:23,0
DA:29,0
DA:30,0
DA:31,0
DA:42,0
DA:45,2
DA:46,0
DA:47,0
DA:48,0
DA:49,0
DA:50,0
DA:56,0
DA:57,0
DA:58,0
DA:59,0
DA:65,2
DA:66,0
DA:67,0
DA:68,0
DA:71,2
DA:72,0
DA:73,0
DA:74,0
DA:79,0
DA:84,2
DA:85,0
DA:87,0
DA:88,0
DA:89,0
DA:90,0
DA:95,0
DA:96,0
DA:101,0
DA:103,0
DA:104,0
DA:105,0
DA:107,0
DA:110,2
DA:111,0
DA:115,0
DA:120,0
DA:121,0
DA:124,2
LF:59
LH:19
BRDA:22,0,0,0
BRDA:22,0,1,0
BRDA:49,1,0,0
BRDA:49,1,1,0
BRDA:49,2,0,0
BRDA:49,2,1,0
BRDA:104,3,0,0
BRDA:104,3,1,0
BRF:8
BRH:0
end_of_record
TN:
SF:helper/constants.js
FNF:0
FNH:0
DA:1,3
DA:7,3
DA:18,3
LF:3
LH:3
BRF:0
BRH:0
end_of_record
TN:
SF:helper/guard.js
FN:6,(anonymous_0)
FN:7,(anonymous_1)
FNF:2
FNH:2
FNDA:9,(anonymous_0)
FNDA:9,(anonymous_1)
DA:1,2
DA:2,2
DA:4,2
DA:6,2
DA:7,9
DA:8,9
DA:9,9
DA:10,9
DA:13,9
DA:14,0
DA:20,9
DA:21,9
DA:25,2
LF:13
LH:12
BRDA:9,0,0,9
BRDA:9,0,1,0
BRDA:13,1,0,0
BRDA:13,1,1,9
BRDA:13,2,0,9
BRDA:13,2,1,9
BRDA:13,2,2,9
BRF:7
BRH:5
end_of_record
TN:
SF:helper/role.js
FN:5,(anonymous_0)
FN:5,(anonymous_1)
FNF:2
FNH:2
FNDA:6,(anonymous_0)
FNDA:2,(anonymous_1)
DA:1,3
DA:3,3
DA:5,6
DA:6,2
DA:8,2
DA:9,1
DA:15,1
DA:18,3
LF:8
LH:8
BRDA:8,0,0,1
BRDA:8,0,1,1
BRF:2
BRH:2
end_of_record
TN:
SF:helper/upload-avatar.js
FN:7,(anonymous_0)
FN:10,(anonymous_1)
FN:20,(anonymous_2)
FNF:3
FNH:0
FNDA:0,(anonymous_0)
FNDA:0,(anonymous_1)
FNDA:0,(anonymous_2)
DA:1,2
DA:2,2
DA:3,2
DA:4,2
DA:6,2
DA:8,0
DA:11,0
DA:15,2
DA:21,0
DA:22,0
DA:23,0
DA:25,0
DA:26,0
DA:27,0
DA:31,2
LF:15
LH:7
BRDA:21,0,0,0
BRDA:21,0,1,0
BRF:2
BRH:0
end_of_record
TN:
SF:model/users.js
FN:3,(anonymous_0)
FN:7,(anonymous_1)
FN:11,(anonymous_2)
FN:16,(anonymous_3)
FN:20,(anonymous_4)
FNF:5
FNH:0
FNDA:0,(anonymous_0)
FNDA:0,(anonymous_1)
FNDA:0,(anonymous_2)
FNDA:0,(anonymous_3)
FNDA:0,(anonymous_4)
DA:1,1
DA:3,1
DA:4,0
DA:7,1
DA:8,0
DA:11,1
DA:12,0
DA:13,0
DA:16,1
DA:17,0
DA:20,1
DA:21,0
DA:24,1
LF:13
LH:7
BRDA:20,0,0,0
BRF:1
BRH:0
end_of_record
TN:
SF:model/schemas/user.js
FN:27,(anonymous_0)
FN:42,(anonymous_1)
FN:58,(anonymous_2)
FN:66,(anonymous_3)
FNF:4
FNH:0
FNDA:0,(anonymous_0)
FNDA:0,(anonymous_1)
FNDA:0,(anonymous_2)
FNDA:0,(anonymous_3)
DA:1,1
DA:2,1
DA:3,1
DA:4,1
DA:5,1
DA:6,1
DA:8,1
DA:28,0
DA:29,0
DA:43,0
DA:58,1
DA:59,0
DA:60,0
DA:61,0
DA:63,0
DA:66,1
DA:67,0
DA:70,1
DA:72,1
LF:19
LH:11
BRDA:59,0,0,0
BRDA:59,0,1,0
BRF:2
BRH:0
end_of_record
TN:
SF:routes/cats/index.js
FNF:0
FNH:0
DA:1,2
DA:2,2
DA:3,2
DA:10,2
DA:11,2
DA:12,2
DA:13,2
DA:15,2
DA:18,2
DA:19,2
DA:21,2
DA:26,2
DA:33,2
LF:13
LH:13
BRF:0
BRH:0
end_of_record
TN:
SF:routes/cats/valid-cat-router.js
FN:33,(anonymous_0)
FN:44,(anonymous_1)
FN:47,(anonymous_2)
FN:50,(anonymous_3)
FN:53,(anonymous_4)
FN:56,(anonymous_5)
FNF:6
FNH:6
FNDA:6,(anonymous_0)
FNDA:3,(anonymous_1)
FNDA:1,(anonymous_2)
FNDA:1,(anonymous_3)
FNDA:1,(anonymous_4)
FNDA:3,(anonymous_5)
DA:1,2
DA:2,2
DA:4,2
DA:12,2
DA:21,2
DA:29,2
DA:33,2
DA:34,6
DA:35,6
DA:36,6
DA:38,0
DA:39,0
DA:43,2
DA:45,3
DA:48,1
DA:51,1
DA:54,1
DA:57,3
DA:58,1
DA:60,2
LF:20
LH:18
BRDA:57,0,0,1
BRDA:57,0,1,2
BRF:2
BRH:2
end_of_record
TN:
SF:routes/users/index.js
FN:11,(anonymous_0)
FNF:1
FNH:0
FNDA:0,(anonymous_0)
DA:1,2
DA:2,2
DA:3,2
DA:4,2
DA:5,2
DA:6,2
DA:8,2
DA:12,0
DA:20,2
DA:21,2
DA:22,2
DA:23,2
DA:30,2
LF:13
LH:12
BRF:0
BRH:0
end_of_record
